<?xml version="1.0" encoding="UTF-8"?>
<!-- Generated by org.testng.reporters.JUnitReportReporter -->
<testsuite hostname="LAPTOP-KFM2KDI1" failures="0" tests="1" name="Test.DragAndDropTest" time="5.015" errors="0" timestamp="2023-12-31T00:07:13 IST" skipped="0">
  <testcase classname="Test.DragAndDropTest" name="dragAndDropTest" time="5.015"/>
  <system-out/>
</testsuite> <!-- Test.DragAndDropTest -->
