<?xml version="1.0" encoding="UTF-8"?>
<!-- Generated by org.testng.reporters.JUnitReportReporter -->
<testsuite hostname="LAPTOP-KFM2KDI1" failures="0" tests="1" name="Test.JavascriptPromptVerifyTest" time="5.206" errors="0" timestamp="2023-12-27T20:54:23 IST" skipped="0">
  <testcase classname="Test.JavascriptPromptVerifyTest" name="jsPrompt" time="5.206"/>
  <system-out/>
</testsuite> <!-- Test.JavascriptPromptVerifyTest -->
