<?xml version="1.0" encoding="UTF-8"?>
<!-- Generated by org.testng.reporters.JUnitReportReporter -->
<testsuite hostname="LAPTOP-KFM2KDI1" failures="0" tests="1" name="Test.SimpleFormTest" time="6.216" errors="0" timestamp="2023-12-20T23:31:32 IST" skipped="0">
  <testcase classname="Test.SimpleFormTest" name="simpleFormTest" time="6.216"/>
  <system-out/>
</testsuite> <!-- Test.SimpleFormTest -->
