<?xml version="1.0" encoding="UTF-8"?>
<!-- Generated by org.testng.reporters.JUnitReportReporter -->
<testsuite hostname="LAPTOP-KFM2KDI1" failures="0" tests="1" name="Test.WindowPopUpTest" time="7.519" errors="0" timestamp="2023-12-23T00:26:49 IST" skipped="0">
  <testcase classname="Test.WindowPopUpTest" name="windowPopUp" time="7.519"/>
  <system-out/>
</testsuite> <!-- Test.WindowPopUpTest -->
