<?xml version="1.0" encoding="UTF-8"?>
<!-- Generated by org.testng.reporters.JUnitReportReporter -->
<testsuite hostname="LAPTOP-KFM2KDI1" failures="0" tests="1" name="Test.InputTest" time="0.775" errors="0" timestamp="2023-12-16T21:35:11 IST" skipped="0">
  <testcase classname="Test.InputTest" name="inputTest" time="0.775"/>
  <system-out/>
</testsuite> <!-- Test.InputTest -->
