<?xml version="1.0" encoding="UTF-8"?>
<!-- Generated by org.testng.reporters.JUnitReportReporter -->
<testsuite hostname="LAPTOP-KFM2KDI1" failures="0" tests="1" name="Test.AjaxFormTest" time="7.999" errors="0" timestamp="2023-12-24T14:37:27 IST" skipped="0">
  <testcase classname="Test.AjaxFormTest" name="ajaxFormTest" time="7.999"/>
  <system-out/>
</testsuite> <!-- Test.AjaxFormTest -->
