<?xml version="1.0" encoding="UTF-8"?>
<!-- Generated by org.testng.reporters.JUnitReportReporter -->
<testsuite hostname="LAPTOP-KFM2KDI1" failures="0" tests="1" name="Test.CheckBoxTest" time="0.321" errors="0" timestamp="2023-12-16T23:24:26 IST" skipped="0">
  <testcase classname="Test.CheckBoxTest" name="checkBoxTest" time="0.321"/>
  <system-out/>
</testsuite> <!-- Test.CheckBoxTest -->
