<?xml version="1.0" encoding="UTF-8"?>
<!-- Generated by org.testng.reporters.JUnitReportReporter -->
<testsuite hostname="LAPTOP-KFM2KDI1" failures="0" tests="1" name="Test.JQueryTest" time="5.857" errors="0" timestamp="2023-12-29T15:54:20 IST" skipped="0">
  <testcase classname="Test.JQueryTest" name="jQueryTest" time="5.857"/>
  <system-out/>
</testsuite> <!-- Test.JQueryTest -->
