<?xml version="1.0" encoding="UTF-8"?>
<!-- Generated by org.testng.reporters.JUnitReportReporter -->
<testsuite hostname="LAPTOP-KFM2KDI1" failures="0" tests="1" name="Test.TableTest" time="6.807" errors="0" timestamp="2023-12-26T20:48:29 IST" skipped="0">
  <testcase classname="Test.TableTest" name="tableVerify" time="6.807"/>
  <system-out/>
</testsuite> <!-- Test.TableTest -->
