<?xml version="1.0" encoding="UTF-8"?>
<!-- Generated by org.testng.reporters.JUnitReportReporter -->
<testsuite hostname="LAPTOP-KFM2KDI1" failures="0" tests="1" name="Test.RadioButtonTest" time="5.633" errors="0" timestamp="2023-12-28T01:30:19 IST" skipped="0">
  <testcase classname="Test.RadioButtonTest" name="radioBtnTest" time="5.633"/>
  <system-out/>
</testsuite> <!-- Test.RadioButtonTest -->
