<?xml version="1.0" encoding="UTF-8"?>
<!-- Generated by org.testng.reporters.JUnitReportReporter -->
<testsuite hostname="LAPTOP-KFM2KDI1" failures="0" tests="1" name="Test.SubmitFormTest" time="4.762" errors="0" timestamp="2023-12-31T01:05:22 IST" skipped="0">
  <testcase classname="Test.SubmitFormTest" name="formSubmitTest" time="4.762"/>
  <system-out/>
</testsuite> <!-- Test.SubmitFormTest -->
