<?xml version="1.0" encoding="UTF-8"?>
<!-- Generated by org.testng.reporters.JUnitReportReporter -->
<testsuite hostname="LAPTOP-KFM2KDI1" failures="0" tests="1" name="Test.SimpleFormTest" time="4.661" errors="0" timestamp="2023-12-26T01:10:40 IST" skipped="0">
  <testcase classname="Test.SimpleFormTest" name="simpleFormTest" time="4.661"/>
  <system-out/>
</testsuite> <!-- Test.SimpleFormTest -->
