<?xml version="1.0" encoding="UTF-8"?>
<!-- Generated by org.testng.reporters.JUnitReportReporter -->
<testsuite hostname="LAPTOP-KFM2KDI1" failures="0" tests="1" name="Test.DragAndDropTest" time="3.120" errors="0" timestamp="2024-01-05T23:18:33 IST" skipped="0">
  <testcase classname="Test.DragAndDropTest" name="dragAndDropTest" time="3.120"/>
  <system-out/>
</testsuite> <!-- Test.DragAndDropTest -->
