<?xml version="1.0" encoding="UTF-8"?>
<!-- Generated by org.testng.reporters.JUnitReportReporter -->
<testsuite hostname="LAPTOP-KFM2KDI1" failures="0" tests="1" name="Test.TableDataVerifyTest" time="1.274" errors="0" timestamp="2024-01-05T23:18:33 IST" skipped="0">
  <testcase classname="Test.TableDataVerifyTest" name="tableVerify" time="1.274"/>
  <system-out/>
</testsuite> <!-- Test.TableDataVerifyTest -->
