<?xml version="1.0" encoding="UTF-8"?>
<!-- Generated by org.testng.reporters.JUnitReportReporter -->
<testsuite hostname="LAPTOP-KFM2KDI1" failures="0" tests="1" name="Test.JavascriptPromptVerifyTest" time="1.450" errors="0" timestamp="2024-01-02T13:54:32 IST" skipped="0">
  <testcase classname="Test.JavascriptPromptVerifyTest" name="jsPrompt" time="1.450"/>
  <system-out/>
</testsuite> <!-- Test.JavascriptPromptVerifyTest -->
