<?xml version="1.0" encoding="UTF-8"?>
<!-- Generated by org.testng.reporters.JUnitReportReporter -->
<testsuite hostname="LAPTOP-KFM2KDI1" failures="0" tests="1" name="Test.JavascriptPromptVerifyTest" time="4.482" errors="0" timestamp="2023-12-27T21:25:36 IST" skipped="0">
  <testcase classname="Test.JavascriptPromptVerifyTest" name="jsPrompt" time="4.482"/>
  <system-out/>
</testsuite> <!-- Test.JavascriptPromptVerifyTest -->
