<?xml version="1.0" encoding="UTF-8"?>
<!-- Generated by org.testng.reporters.JUnitReportReporter -->
<testsuite hostname="LAPTOP-KFM2KDI1" failures="0" tests="1" name="Test.DragAndDropTest" time="1.587" errors="0" timestamp="2024-01-16T00:06:20 IST" skipped="0">
  <testcase classname="Test.DragAndDropTest" name="dragAndDropTest" time="1.587"/>
  <system-out/>
</testsuite> <!-- Test.DragAndDropTest -->
