<?xml version="1.0" encoding="UTF-8"?>
<!-- Generated by org.testng.reporters.JUnitReportReporter -->
<testsuite hostname="LAPTOP-KFM2KDI1" failures="0" tests="1" name="Test.CheckBoxTest" time="4.107" errors="0" timestamp="2023-12-26T01:10:40 IST" skipped="0">
  <testcase classname="Test.CheckBoxTest" name="checkBoxTest" time="4.107"/>
  <system-out/>
</testsuite> <!-- Test.CheckBoxTest -->
