<?xml version="1.0" encoding="UTF-8"?>
<!-- Generated by org.testng.reporters.JUnitReportReporter -->
<testsuite hostname="LAPTOP-KFM2KDI1" failures="0" tests="1" name="Test.RadioButtonTest" time="3.529" errors="0" timestamp="2024-01-02T13:54:32 IST" skipped="0">
  <testcase classname="Test.RadioButtonTest" name="radioBtnTest" time="3.529"/>
  <system-out/>
</testsuite> <!-- Test.RadioButtonTest -->
