<?xml version="1.0" encoding="UTF-8"?>
<!-- Generated by org.testng.reporters.JUnitReportReporter -->
<testsuite hostname="LAPTOP-KFM2KDI1" failures="0" tests="1" name="Test.JQueryTest" time="0.920" errors="0" timestamp="2024-01-01T01:45:41 IST" skipped="0">
  <testcase classname="Test.JQueryTest" name="jQueryTest" time="0.920"/>
  <system-out/>
</testsuite> <!-- Test.JQueryTest -->
