<?xml version="1.0" encoding="UTF-8"?>
<!-- Generated by org.testng.reporters.JUnitReportReporter -->
<testsuite hostname="LAPTOP-KFM2KDI1" failures="0" tests="1" name="Test.RadioButtonTest" time="1.339" errors="0" timestamp="2024-01-06T15:32:08 IST" skipped="0">
  <testcase classname="Test.RadioButtonTest" name="radioBtnTest" time="1.339"/>
  <system-out/>
</testsuite> <!-- Test.RadioButtonTest -->
