<?xml version="1.0" encoding="UTF-8"?>
<!-- Generated by org.testng.reporters.JUnitReportReporter -->
<testsuite hostname="LAPTOP-KFM2KDI1" failures="0" tests="1" name="Test.FormSubmitTest" time="2.452" errors="0" timestamp="2024-01-06T15:32:08 IST" skipped="0">
  <testcase classname="Test.FormSubmitTest" name="formSubmitTest" time="2.452"/>
  <system-out/>
</testsuite> <!-- Test.FormSubmitTest -->
