<?xml version="1.0" encoding="UTF-8"?>
<!-- Generated by org.testng.reporters.JUnitReportReporter -->
<testsuite hostname="LAPTOP-KFM2KDI1" failures="0" tests="1" name="Test.JavascriptPromptVerifyTest" time="2.122" errors="0" timestamp="2024-01-06T15:32:08 IST" skipped="0">
  <testcase classname="Test.JavascriptPromptVerifyTest" name="jsPrompt" time="2.122"/>
  <system-out/>
</testsuite> <!-- Test.JavascriptPromptVerifyTest -->
