<?xml version="1.0" encoding="UTF-8"?>
<!-- Generated by org.testng.reporters.JUnitReportReporter -->
<testsuite hostname="LAPTOP-KFM2KDI1" failures="0" tests="1" name="Test.WindowPopUpTest" time="6.098" errors="0" timestamp="2024-01-06T15:32:08 IST" skipped="0">
  <testcase classname="Test.WindowPopUpTest" name="windowPopUp" time="6.098"/>
  <system-out/>
</testsuite> <!-- Test.WindowPopUpTest -->
